<?xml version="1.0" encoding="UTF-8"?>
<!-- Generated by org.testng.reporters.JUnitReportReporter -->
<testsuite hostname="LAPTOP-99NPINEM" failures="0" tests="1" name="testscript.AccountOverviewTest" time="2.258" errors="0" timestamp="2025-07-04T17:55:51 IST" skipped="0">
  <testcase classname="testscript.AccountOverviewTest" name="verifyAccountOverview" time="2.258"/>
  <system-out/>
</testsuite> <!-- testscript.AccountOverviewTest -->
