<?xml version="1.0" encoding="UTF-8"?>
<!-- Generated by org.testng.reporters.JUnitReportReporter -->
<testsuite hostname="LAPTOP-99NPINEM" failures="0" tests="1" name="testscript.FundTransferTest" time="1.588" errors="0" timestamp="2025-07-04T17:55:51 IST" skipped="0">
  <testcase classname="testscript.FundTransferTest" name="verifyFundTransfer" time="1.588"/>
  <system-out/>
</testsuite> <!-- testscript.FundTransferTest -->
