<?xml version="1.0" encoding="UTF-8"?>
<!-- Generated by org.testng.reporters.JUnitReportReporter -->
<testsuite hostname="LAPTOP-99NPINEM" failures="0" tests="3" name="testscript.RegisterTest" time="7.923" errors="0" timestamp="2025-07-05T02:19:24 IST" skipped="2">
  <testcase classname="testscript.RegisterTest" name="verifyRegistration" time="7.923"/>
  <system-out/>
  <testcase classname="testscript.RegisterTest" name="verifyRegistrationForMultipleUser2">
    <skipped/>
  </testcase> <!-- verifyRegistrationForMultipleUser2 -->
  <system-out/>
  <testcase classname="testscript.RegisterTest" name="verifyRegistrationForMultipleUser">
    <skipped/>
  </testcase> <!-- verifyRegistrationForMultipleUser -->
  <system-out/>
</testsuite> <!-- testscript.RegisterTest -->
