<?xml version="1.0" encoding="UTF-8"?>
<!-- Generated by org.testng.reporters.JUnitReportReporter -->
<testsuite hostname="LAPTOP-99NPINEM" failures="0" tests="1" name="testscript.FundTransferTest" time="1.554" errors="0" timestamp="2025-06-16T05:20:56 IST" skipped="0">
  <testcase classname="testscript.FundTransferTest" name="verifyFundTransfer" time="1.554"/>
  <system-out/>
</testsuite> <!-- testscript.FundTransferTest -->
