<?xml version="1.0" encoding="UTF-8"?>
<!-- Generated by org.testng.reporters.JUnitReportReporter -->
<testsuite hostname="LAPTOP-99NPINEM" failures="0" tests="2" name="testscript.LoginTest" time="8.411" errors="0" timestamp="2025-07-05T02:19:24 IST" skipped="1">
  <testcase classname="testscript.LoginTest" name="verifyLogin" time="8.411"/>
  <system-out/>
  <testcase classname="testscript.LoginTest" name="verifyInvalidAuthentication">
    <skipped/>
  </testcase> <!-- verifyInvalidAuthentication -->
  <system-out/>
</testsuite> <!-- testscript.LoginTest -->
