<?xml version="1.0" encoding="UTF-8"?>
<!-- Generated by org.testng.reporters.JUnitReportReporter -->
<testsuite hostname="LAPTOP-99NPINEM" failures="0" tests="1" name="testscript.OpenAccountTest" time="2.221" errors="0" timestamp="2025-05-14T06:01:22 IST" skipped="0">
  <testcase classname="testscript.OpenAccountTest" name="verifyOpenAccount" time="2.221"/>
  <system-out/>
</testsuite> <!-- testscript.OpenAccountTest -->
