<?xml version="1.0" encoding="UTF-8"?>
<!-- Generated by org.testng.reporters.JUnitReportReporter -->
<testsuite hostname="LAPTOP-99NPINEM" failures="0" tests="2" name="testscript.LoginTest" time="14.501" errors="0" timestamp="2025-05-14T06:01:22 IST" skipped="0">
  <testcase classname="testscript.LoginTest" name="verifyLogin" time="9.331"/>
  <system-out/>
  <testcase classname="testscript.LoginTest" name="verifyInvalidAuthentication" time="5.170"/>
  <system-out/>
</testsuite> <!-- testscript.LoginTest -->
