<?xml version="1.0" encoding="UTF-8"?>
<!-- Generated by org.testng.reporters.JUnitReportReporter -->
<testsuite hostname="LAPTOP-99NPINEM" failures="0" tests="1" name="testscript.LoginTest" time="5.524" errors="0" timestamp="2025-03-25T18:24:06 IST" skipped="0">
  <testcase classname="testscript.LoginTest" name="verifyInvalidAuthentication" time="5.524"/>
  <system-out/>
</testsuite> <!-- testscript.LoginTest -->
